<?xml version="1.0" encoding="UTF-8"?>
<!-- Generated by org.testng.reporters.JUnitReportReporter -->
<testsuite skipped="0" hostname="narasimha-desktop" name="commonpackage.Base" tests="1" failures="0" timestamp="19 Dec 2017 07:08:33 GMT" time="48.823" errors="0">
  <testcase name="capabilities" time="48.823" classname="commonpackage.Base"/>
</testsuite> <!-- commonpackage.Base -->
