<?xml version="1.0" encoding="UTF-8"?>
<!-- Generated by org.testng.reporters.JUnitReportReporter -->
<testsuite skipped="1" hostname="narasimha-desktop" name="shgroup_testCases.BuyChicken" tests="1" failures="0" timestamp="08 Jan 2018 04:16:46 GMT" time="0.000" errors="0">
  <testcase name="testBuyChickenItem" time="0.000" classname="shgroup_testCases.BuyChicken">
    <skipped/>
  </testcase> <!-- testBuyChickenItem -->
</testsuite> <!-- shgroup_testCases.BuyChicken -->
