<?xml version="1.0" encoding="UTF-8"?>
<!-- Generated by org.testng.reporters.JUnitReportReporter -->
<testsuite skipped="3" hostname="narasimha-desktop" name="shgroup_testCases.SignUp_Multiple" tests="3" failures="0" timestamp="08 Jan 2018 04:16:46 GMT" time="0.000" errors="0">
  <testcase name="test12" time="0.000" classname="shgroup_testCases.SignUp_Multiple">
    <skipped/>
  </testcase> <!-- test12 -->
  <testcase name="test12" time="0.000" classname="shgroup_testCases.SignUp_Multiple">
    <skipped/>
  </testcase> <!-- test12 -->
  <testcase name="test12" time="0.000" classname="shgroup_testCases.SignUp_Multiple">
    <skipped/>
  </testcase> <!-- test12 -->
</testsuite> <!-- shgroup_testCases.SignUp_Multiple -->
