<?xml version="1.0" encoding="UTF-8"?>
<!-- Generated by org.testng.reporters.JUnitReportReporter -->
<testsuite skipped="0" hostname="narasimha-desktop" name="commonpackage.Demo" tests="2" failures="0" timestamp="27 Dec 2017 07:38:37 GMT" time="112.145" errors="0">
  <testcase name="testDemo" time="11.554" classname="commonpackage.Demo"/>
  <testcase name="demo" time="100.591" classname="commonpackage.Demo"/>
</testsuite> <!-- commonpackage.Demo -->
