<?xml version="1.0" encoding="UTF-8"?>
<!-- Generated by org.testng.reporters.JUnitReportReporter -->
<testsuite skipped="1" hostname="narasimha-desktop" name="shgroup_testCases.BuyEggs" tests="1" failures="0" timestamp="08 Jan 2018 04:16:46 GMT" time="0.000" errors="0">
  <testcase name="testBuyOfferedItem" time="0.000" classname="shgroup_testCases.BuyEggs">
    <skipped/>
  </testcase> <!-- testBuyOfferedItem -->
</testsuite> <!-- shgroup_testCases.BuyEggs -->
