<?xml version="1.0" encoding="UTF-8"?>
<!-- Generated by org.testng.reporters.JUnitReportReporter -->
<testsuite skipped="0" hostname="narasimha-desktop" name="testcases.Order" tests="1" failures="0" timestamp="27 Dec 2017 08:47:16 GMT" time="6.383" errors="0">
  <testcase name="testOrder" time="6.383" classname="testcases.Order"/>
</testsuite> <!-- testcases.Order -->
