<?xml version="1.0" encoding="UTF-8"?>
<!-- Generated by org.testng.reporters.JUnitReportReporter -->
<testsuite skipped="0" hostname="narasimha-desktop" name="commonpackage.Test_" tests="1" failures="0" timestamp="27 Dec 2017 05:21:22 GMT" time="79.339" errors="0">
  <testcase name="test" time="79.339" classname="commonpackage.Test_"/>
</testsuite> <!-- commonpackage.Test_ -->
